2017-02-08 11:12:42,651 INFO[org.springframework.test.context.web.WebTestContextBootstrapper:260] - Loaded default TestExecutionListener class names from location [META-INF/spring.factories]: [org.springframework.test.context.web.ServletTestExecutionListener, org.springframework.test.context.support.DirtiesContextBeforeModesTestExecutionListener, org.springframework.test.context.support.DependencyInjectionTestExecutionListener, org.springframework.test.context.support.DirtiesContextTestExecutionListener, org.springframework.test.context.transaction.TransactionalTestExecutionListener, org.springframework.test.context.jdbc.SqlScriptsTestExecutionListener]
2017-02-08 11:12:42,742 INFO[org.springframework.test.context.web.WebTestContextBootstrapper:187] - Using TestExecutionListeners: [org.springframework.test.context.web.ServletTestExecutionListener@eec5a4a, org.springframework.test.context.support.DirtiesContextBeforeModesTestExecutionListener@2b2948e2, org.springframework.test.context.support.DependencyInjectionTestExecutionListener@6ddf90b0, org.springframework.test.context.support.DirtiesContextTestExecutionListener@57536d79, org.springframework.test.context.transaction.TransactionalTestExecutionListener@3b0143d3, org.springframework.test.context.jdbc.SqlScriptsTestExecutionListener@5a8e6209]
2017-02-08 11:12:43,118 INFO[org.springframework.beans.factory.xml.XmlBeanDefinitionReader:317] - Loading XML bean definitions from class path resource [application.xml]
2017-02-08 11:12:43,461 INFO[org.springframework.beans.factory.xml.XmlBeanDefinitionReader:317] - Loading XML bean definitions from class path resource [spring-config.xml]
2017-02-08 11:12:43,587 INFO[org.springframework.beans.factory.xml.XmlBeanDefinitionReader:317] - Loading XML bean definitions from class path resource [spring-redis.xml]
2017-02-08 11:12:43,620 INFO[org.springframework.beans.factory.xml.XmlBeanDefinitionReader:317] - Loading XML bean definitions from class path resource [spring-mongo.xml]
2017-02-08 11:12:43,693 INFO[org.springframework.beans.factory.xml.XmlBeanDefinitionReader:317] - Loading XML bean definitions from class path resource [spring-mybatis.xml]
2017-02-08 11:12:44,061 INFO[org.springframework.web.context.support.GenericWebApplicationContext:581] - Refreshing org.springframework.web.context.support.GenericWebApplicationContext@76f2b07d: startup date [Wed Feb 08 11:12:44 CST 2017]; root of context hierarchy
2017-02-08 11:12:44,894 INFO[org.springframework.context.support.PropertySourcesPlaceholderConfigurer:172] - Loading properties file from class path resource [db.properties]
2017-02-08 11:12:44,900 INFO[org.springframework.context.support.PropertySourcesPlaceholderConfigurer:172] - Loading properties file from class path resource [redis.properties]
2017-02-08 11:12:44,902 INFO[org.springframework.context.support.PropertySourcesPlaceholderConfigurer:172] - Loading properties file from class path resource [mongo.properties]
2017-02-08 11:12:44,932 INFO[org.springframework.beans.factory.annotation.AutowiredAnnotationBeanPostProcessor:155] - JSR-330 'javax.inject.Inject' annotation found and supported for autowiring
2017-02-08 11:12:46,177 INFO[org.mongodb.driver.cluster:71] - Cluster created with settings {hosts=[127.0.0.1:27017], mode=SINGLE, requiredClusterType=UNKNOWN, serverSelectionTimeout='30000 ms', maxWaitQueueSize=50}
2017-02-08 11:12:46,283 INFO[org.mongodb.driver.connection:71] - Opened connection [connectionId{localValue:1, serverValue:1}] to 127.0.0.1:27017
2017-02-08 11:12:46,284 INFO[org.mongodb.driver.cluster:71] - Monitor thread successfully connected to server with description ServerDescription{address=127.0.0.1:27017, type=STANDALONE, state=CONNECTED, ok=true, version=ServerVersion{versionList=[3, 2, 9]}, minWireVersion=0, maxWireVersion=4, electionId=null, maxDocumentSize=16777216, roundTripTimeNanos=537590}
2017-02-08 11:12:46,797 INFO[com.alibaba.druid.pool.DruidDataSource:686] - {dataSource-1} inited
2017-02-08 11:12:46,828 INFO[com.alibaba.druid.pool.DruidDataSource:686] - {dataSource-2} inited
2017-02-08 11:12:47,410 INFO[org.springframework.web.servlet.mvc.method.annotation.RequestMappingHandlerMapping:543] - Mapped "{[/freemarkerTest/test],methods=[GET],produces=[application/json]}" onto public java.lang.String com.py.demo.controller.FreemarkerTest.getFirstPage(org.springframework.ui.Model)
2017-02-08 11:12:47,412 INFO[org.springframework.web.servlet.mvc.method.annotation.RequestMappingHandlerMapping:543] - Mapped "{[/v1/user/login],methods=[POST],produces=[application/json]}" onto public org.springframework.http.ResponseEntity com.py.demo.controller.UserController.login(com.py.demo.model.User)
2017-02-08 11:12:47,413 INFO[org.springframework.web.servlet.mvc.method.annotation.RequestMappingHandlerMapping:543] - Mapped "{[/v1/user/regist],methods=[POST],produces=[application/json]}" onto public org.springframework.http.ResponseEntity com.py.demo.controller.UserController.regist(com.py.demo.model.User)
2017-02-08 11:12:47,418 INFO[org.springframework.web.servlet.mvc.method.annotation.RequestMappingHandlerMapping:543] - Mapped "{[/api-docs],methods=[GET]}" onto public org.springframework.http.ResponseEntity<com.mangofactory.com.py.demo.swagger.models.dto.ResourceListing> com.mangofactory.com.py.demo.swagger.controllers.DefaultSwaggerController.getResourceListing(java.lang.String)
2017-02-08 11:12:47,420 INFO[org.springframework.web.servlet.mvc.method.annotation.RequestMappingHandlerMapping:543] - Mapped "{[/api-docs/{swaggerGroup}/{apiDeclaration}],methods=[GET]}" onto public org.springframework.http.ResponseEntity<com.mangofactory.com.py.demo.swagger.models.dto.ApiListing> com.mangofactory.com.py.demo.swagger.controllers.DefaultSwaggerController.getApiListing(java.lang.String,java.lang.String)
2017-02-08 11:12:47,891 INFO[org.hibernate.validator.internal.util.Version:27] - HV000001: Hibernate Validator 5.0.2.Final
2017-02-08 11:12:47,998 INFO[org.springframework.web.servlet.mvc.method.annotation.RequestMappingHandlerAdapter:534] - Looking for @ControllerAdvice: org.springframework.web.context.support.GenericWebApplicationContext@76f2b07d: startup date [Wed Feb 08 11:12:44 CST 2017]; root of context hierarchy
2017-02-08 11:12:48,267 INFO[com.mangofactory.com.py.demo.swagger.plugin.SwaggerPluginAdapter:33] - Context refreshed
2017-02-08 11:12:48,268 INFO[com.mangofactory.com.py.demo.swagger.plugin.SwaggerPluginAdapter:46] - Found custom SwaggerSpringMvcPlugins
2017-02-08 11:12:48,270 INFO[com.mangofactory.com.py.demo.swagger.plugin.SwaggerPluginAdapter:50] - initializing plugin bean customImplementation
2017-02-08 11:12:48,284 INFO[com.mangofactory.com.py.demo.swagger.scanners.ApiListingReferenceScanner:55] - Scanning for api listing references
2017-02-08 11:12:48,284 INFO[com.mangofactory.com.py.demo.swagger.core.RequestMappingEvaluator:39] - RequestMappingInfo did not match any include patterns: | {[/freemarkerTest/test],methods=[GET],produces=[application/json]}
2017-02-08 11:12:48,287 INFO[com.mangofactory.com.py.demo.swagger.core.ClassOrApiAnnotationResourceGrouping:50] - Group for method login was user
2017-02-08 11:12:48,292 INFO[com.mangofactory.com.py.demo.swagger.scanners.ApiListingReferenceScanner:78] - Request mapping: login belongs to groups: [[ResourceGroup{groupName='user', position=0}]]
2017-02-08 11:12:48,293 INFO[com.mangofactory.com.py.demo.swagger.scanners.ApiListingReferenceScanner:82] - Adding resource to group:ResourceGroup{groupName='user', position=0} with description:user for handler method:login
2017-02-08 11:12:48,293 INFO[com.mangofactory.com.py.demo.swagger.core.ClassOrApiAnnotationResourceGrouping:50] - Group for method regist was user
2017-02-08 11:12:48,294 INFO[com.mangofactory.com.py.demo.swagger.scanners.ApiListingReferenceScanner:78] - Request mapping: regist belongs to groups: [[ResourceGroup{groupName='user', position=0}]]
2017-02-08 11:12:48,294 INFO[com.mangofactory.com.py.demo.swagger.scanners.ApiListingReferenceScanner:82] - Adding resource to group:ResourceGroup{groupName='user', position=0} with description:user for handler method:regist
2017-02-08 11:12:48,295 INFO[com.mangofactory.com.py.demo.swagger.core.RequestMappingEvaluator:39] - RequestMappingInfo did not match any include patterns: | {[/api-docs],methods=[GET]}
2017-02-08 11:12:48,295 INFO[com.mangofactory.com.py.demo.swagger.core.RequestMappingEvaluator:39] - RequestMappingInfo did not match any include patterns: | {[/api-docs/{swaggerGroup}/{apiDeclaration}],methods=[GET]}
2017-02-08 11:12:48,309 INFO[com.mangofactory.com.py.demo.swagger.scanners.ApiListingReferenceScanner:96] - Created resource listing Path: /default/user Description: user Position: 0
2017-02-08 11:12:48,416 INFO[com.mangofactory.com.py.demo.swagger.core.SwaggerApiResourceListing:89] - Added a resource listing with (1) api resources:
2017-02-08 11:12:48,417 INFO[com.mangofactory.com.py.demo.swagger.core.SwaggerApiResourceListing:93] -   user at location: /api-docs/default/user
2017-02-08 11:12:48,447 INFO[org.springframework.web.context.support.GenericWebApplicationContext:982] - Closing org.springframework.web.context.support.GenericWebApplicationContext@76f2b07d: startup date [Wed Feb 08 11:12:44 CST 2017]; root of context hierarchy
2017-02-08 11:12:48,453 INFO[com.alibaba.druid.pool.DruidDataSource:1401] - {dataSource-2} closed
2017-02-08 11:12:48,455 INFO[com.alibaba.druid.pool.DruidDataSource:1401] - {dataSource-1} closed
